# JRE version: Java(TM) SE Runtime Environment (8.0_291-b10) (build 1.8.0_291-b10)
# Java VM: Java HotSpot(TM) 64-Bit Server VM (25.291-b10 mixed mode windows-amd64 compressed oops)
Heap:
 PSYoungGen      total 414720K, used 158326K [0x00000000d8380000, 0x00000000f3e80000, 0x0000000100000000)
  eden space 404992K, 37% used [0x00000000d8380000,0x00000000e16a8bd0,0x00000000f0f00000)
  from space 9728K, 78% used [0x00000000f0f00000,0x00000000f1674fe0,0x00000000f1880000)
  to   space 9728K, 0% used [0x00000000f3500000,0x00000000f3500000,0x00000000f3e80000)
 ParOldGen       total 109056K, used 32939K [0x0000000088a00000, 0x000000008f480000, 0x00000000d8380000)
  object space 109056K, 30% used [0x0000000088a00000,0x000000008aa2aef0,0x000000008f480000)
 Metaspace       used 101263K, capacity 111009K, committed 111360K, reserved 1146880K
  class space    used 12940K, capacity 13982K, committed 14080K, reserved 1048576K
GC Heap History (10 events):
Event: 116.600 GC heap before
{Heap before GC invocations=41 (full 4):
 PSYoungGen      total 384000K, used 381633K [0x00000000d8380000, 0x00000000f0480000, 0x0000000100000000)
  eden space 374784K, 100% used [0x00000000d8380000,0x00000000ef180000,0x00000000ef180000)
  from space 9216K, 74% used [0x00000000efb80000,0x00000000f0230400,0x00000000f0480000)
  to   space 9728K, 0% used [0x00000000ef180000,0x00000000ef180000,0x00000000efb00000)
 ParOldGen       total 109056K, used 31675K [0x0000000088a00000, 0x000000008f480000, 0x00000000d8380000)
  object space 109056K, 29% used [0x0000000088a00000,0x000000008a8eeed0,0x000000008f480000)
 Metaspace       used 100566K, capacity 110405K, committed 110592K, reserved 1146880K
  class space    used 12939K, capacity 13982K, committed 14080K, reserved 1048576K
Event: 116.630 GC heap after
Heap after GC invocations=41 (full 4):
 PSYoungGen      total 384512K, used 7717K [0x00000000d8380000, 0x00000000f2200000, 0x0000000100000000)
  eden space 374784K, 0% used [0x00000000d8380000,0x00000000d8380000,0x00000000ef180000)
  from space 9728K, 79% used [0x00000000ef180000,0x00000000ef9095f0,0x00000000efb00000)
  to   space 9728K, 0% used [0x00000000f1880000,0x00000000f1880000,0x00000000f2200000)
 ParOldGen       total 109056K, used 31883K [0x0000000088a00000, 0x000000008f480000, 0x00000000d8380000)
  object space 109056K, 29% used [0x0000000088a00000,0x000000008a922ed0,0x000000008f480000)
 Metaspace       used 100566K, capacity 110405K, committed 110592K, reserved 1146880K
  class space    used 12939K, capacity 13982K, committed 14080K, reserved 1048576K
}
Event: 118.830 GC heap before
{Heap before GC invocations=42 (full 4):
 PSYoungGen      total 384512K, used 382501K [0x00000000d8380000, 0x00000000f2200000, 0x0000000100000000)
  eden space 374784K, 100% used [0x00000000d8380000,0x00000000ef180000,0x00000000ef180000)
  from space 9728K, 79% used [0x00000000ef180000,0x00000000ef9095f0,0x00000000efb00000)
  to   space 9728K, 0% used [0x00000000f1880000,0x00000000f1880000,0x00000000f2200000)
 ParOldGen       total 109056K, used 31883K [0x0000000088a00000, 0x000000008f480000, 0x00000000d8380000)
  object space 109056K, 29% used [0x0000000088a00000,0x000000008a922ed0,0x000000008f480000)
 Metaspace       used 100618K, capacity 110413K, committed 110592K, reserved 1146880K
  class space    used 12939K, capacity 13982K, committed 14080K, reserved 1048576K
Event: 118.860 GC heap after
Heap after GC invocations=42 (full 4):
 PSYoungGen      total 414720K, used 7411K [0x00000000d8380000, 0x00000000f2400000, 0x0000000100000000)
  eden space 404992K, 0% used [0x00000000d8380000,0x00000000d8380000,0x00000000f0f00000)
  from space 9728K, 76% used [0x00000000f1880000,0x00000000f1fbcdd0,0x00000000f2200000)
  to   space 9728K, 0% used [0x00000000f0f00000,0x00000000f0f00000,0x00000000f1880000)
 ParOldGen       total 109056K, used 32139K [0x0000000088a00000, 0x000000008f480000, 0x00000000d8380000)
  object space 109056K, 29% used [0x0000000088a00000,0x000000008a962ef0,0x000000008f480000)
 Metaspace       used 100618K, capacity 110413K, committed 110592K, reserved 1146880K
  class space    used 12939K, capacity 13982K, committed 14080K, reserved 1048576K
}
Event: 121.392 GC heap before
{Heap before GC invocations=43 (full 4):
 PSYoungGen      total 414720K, used 412403K [0x00000000d8380000, 0x00000000f2400000, 0x0000000100000000)
  eden space 404992K, 100% used [0x00000000d8380000,0x00000000f0f00000,0x00000000f0f00000)
  from space 9728K, 76% used [0x00000000f1880000,0x00000000f1fbcdd0,0x00000000f2200000)
  to   space 9728K, 0% used [0x00000000f0f00000,0x00000000f0f00000,0x00000000f1880000)
 ParOldGen       total 109056K, used 32139K [0x0000000088a00000, 0x000000008f480000, 0x00000000d8380000)
  object space 109056K, 29% used [0x0000000088a00000,0x000000008a962ef0,0x000000008f480000)
 Metaspace       used 100647K, capacity 110477K, committed 110592K, reserved 1146880K
  class space    used 12939K, capacity 13982K, committed 14080K, reserved 1048576K
Event: 121.421 GC heap after
Heap after GC invocations=43 (full 4):
 PSYoungGen      total 414720K, used 7635K [0x00000000d8380000, 0x00000000f2400000, 0x0000000100000000)
  eden space 404992K, 0% used [0x00000000d8380000,0x00000000d8380000,0x00000000f0f00000)
  from space 9728K, 78% used [0x00000000f0f00000,0x00000000f1674fe0,0x00000000f1880000)
  to   space 9728K, 0% used [0x00000000f1880000,0x00000000f1880000,0x00000000f2200000)
 ParOldGen       total 109056K, used 32379K [0x0000000088a00000, 0x000000008f480000, 0x00000000d8380000)
  object space 109056K, 29% used [0x0000000088a00000,0x000000008a99eef0,0x000000008f480000)
 Metaspace       used 100647K, capacity 110477K, committed 110592K, reserved 1146880K
  class space    used 12939K, capacity 13982K, committed 14080K, reserved 1048576K
}
Event: 123.743 GC heap before
{Heap before GC invocations=44 (full 4):
 PSYoungGen      total 414720K, used 410356K [0x00000000d8380000, 0x00000000f2400000, 0x0000000100000000)
  eden space 404992K, 99% used [0x00000000d8380000,0x00000000f0cc80c8,0x00000000f0f00000)
  from space 9728K, 78% used [0x00000000f0f00000,0x00000000f1674fe0,0x00000000f1880000)
  to   space 9728K, 0% used [0x00000000f1880000,0x00000000f1880000,0x00000000f2200000)
 ParOldGen       total 109056K, used 32379K [0x0000000088a00000, 0x000000008f480000, 0x00000000d8380000)
  object space 109056K, 29% used [0x0000000088a00000,0x000000008a99eef0,0x000000008f480000)
 Metaspace       used 100684K, capacity 110477K, committed 110592K, reserved 1146880K
  class space    used 12939K, capacity 13982K, committed 14080K, reserved 1048576K
Event: 123.763 GC heap after
Heap after GC invocations=44 (full 4):
 PSYoungGen      total 414720K, used 7572K [0x00000000d8380000, 0x00000000f2400000, 0x0000000100000000)
  eden space 404992K, 0% used [0x00000000d8380000,0x00000000d8380000,0x00000000f0f00000)
  from space 9728K, 77% used [0x00000000f1880000,0x00000000f1fe50a8,0x00000000f2200000)
  to   space 9728K, 0% used [0x00000000f0f00000,0x00000000f0f00000,0x00000000f1880000)
 ParOldGen       total 109056K, used 32667K [0x0000000088a00000, 0x000000008f480000, 0x00000000d8380000)
  object space 109056K, 29% used [0x0000000088a00000,0x000000008a9e6ef0,0x000000008f480000)
 Metaspace       used 100684K, capacity 110477K, committed 110592K, reserved 1146880K
  class space    used 12939K, capacity 13982K, committed 14080K, reserved 1048576K
}
Event: 126.324 GC heap before
{Heap before GC invocations=45 (full 4):
 PSYoungGen      total 414720K, used 412564K [0x00000000d8380000, 0x00000000f2400000, 0x0000000100000000)
  eden space 404992K, 100% used [0x00000000d8380000,0x00000000f0f00000,0x00000000f0f00000)
  from space 9728K, 77% used [0x00000000f1880000,0x00000000f1fe50a8,0x00000000f2200000)
  to   space 9728K, 0% used [0x00000000f0f00000,0x00000000f0f00000,0x00000000f1880000)
 ParOldGen       total 109056K, used 32667K [0x0000000088a00000, 0x000000008f480000, 0x00000000d8380000)
  object space 109056K, 29% used [0x0000000088a00000,0x000000008a9e6ef0,0x000000008f480000)
 Metaspace       used 101236K, capacity 110945K, committed 111104K, reserved 1146880K
  class space    used 12940K, capacity 13982K, committed 14080K, reserved 1048576K
Event: 126.345 GC heap after
Heap after GC invocations=45 (full 4):
 PSYoungGen      total 414720K, used 7635K [0x00000000d8380000, 0x00000000f3e80000, 0x0000000100000000)
  eden space 404992K, 0% used [0x00000000d8380000,0x00000000d8380000,0x00000000f0f00000)
  from space 9728K, 78% used [0x00000000f0f00000,0x00000000f1674fe0,0x00000000f1880000)
  to   space 9728K, 0% used [0x00000000f3500000,0x00000000f3500000,0x00000000f3e80000)
 ParOldGen       total 109056K, used 32939K [0x0000000088a00000, 0x000000008f480000, 0x00000000d8380000)
  object space 109056K, 30% used [0x0000000088a00000,0x000000008aa2aef0,0x000000008f480000)
 Metaspace       used 101236K, capacity 110945K, committed 111104K, reserved 1146880K
  class space    used 12940K, capacity 13982K, committed 14080K, reserved 1048576K
}

