# JRE version: Java(TM) SE Runtime Environment (8.0_291-b10) (build 1.8.0_291-b10)
# Java VM: Java HotSpot(TM) 64-Bit Server VM (25.291-b10 mixed mode windows-amd64 compressed oops)
Heap:
 PSYoungGen      total 349184K, used 22262K [0x00000000d8380000, 0x00000000ee700000, 0x0000000100000000)
  eden space 336384K, 4% used [0x00000000d8380000,0x00000000d927c918,0x00000000ecc00000)
  from space 12800K, 54% used [0x00000000ed900000,0x00000000edfc1110,0x00000000ee580000)
  to   space 13312K, 0% used [0x00000000ecc00000,0x00000000ecc00000,0x00000000ed900000)
 ParOldGen       total 175104K, used 40320K [0x0000000088a00000, 0x0000000093500000, 0x00000000d8380000)
  object space 175104K, 23% used [0x0000000088a00000,0x000000008b1600d8,0x0000000093500000)
 Metaspace       used 100352K, capacity 110242K, committed 110336K, reserved 1144832K
  class space    used 12948K, capacity 13992K, committed 14080K, reserved 1048576K
GC Heap History (10 events):
Event: 69.396 GC heap before
{Heap before GC invocations=32 (full 4):
 PSYoungGen      total 349696K, used 342896K [0x00000000d8380000, 0x00000000ee700000, 0x0000000100000000)
  eden space 336384K, 99% used [0x00000000d8380000,0x00000000ecbdb190,0x00000000ecc00000)
  from space 13312K, 50% used [0x00000000ecc00000,0x00000000ed281110,0x00000000ed900000)
  to   space 12800K, 0% used [0x00000000ed900000,0x00000000ed900000,0x00000000ee580000)
 ParOldGen       total 175104K, used 39006K [0x0000000088a00000, 0x0000000093500000, 0x00000000d8380000)
  object space 175104K, 22% used [0x0000000088a00000,0x000000008b017808,0x0000000093500000)
 Metaspace       used 99903K, capacity 109798K, committed 110080K, reserved 1144832K
  class space    used 12948K, capacity 13992K, committed 14080K, reserved 1048576K
Event: 69.420 GC heap after
Heap after GC invocations=32 (full 4):
 PSYoungGen      total 349184K, used 6660K [0x00000000d8380000, 0x00000000ee700000, 0x0000000100000000)
  eden space 336384K, 0% used [0x00000000d8380000,0x00000000d8380000,0x00000000ecc00000)
  from space 12800K, 52% used [0x00000000ed900000,0x00000000edf81110,0x00000000ee580000)
  to   space 13312K, 0% used [0x00000000ecc00000,0x00000000ecc00000,0x00000000ed900000)
 ParOldGen       total 175104K, used 39286K [0x0000000088a00000, 0x0000000093500000, 0x00000000d8380000)
  object space 175104K, 22% used [0x0000000088a00000,0x000000008b05d818,0x0000000093500000)
 Metaspace       used 99903K, capacity 109798K, committed 110080K, reserved 1144832K
  class space    used 12948K, capacity 13992K, committed 14080K, reserved 1048576K
}
Event: 71.652 GC heap before
{Heap before GC invocations=33 (full 4):
 PSYoungGen      total 349184K, used 343044K [0x00000000d8380000, 0x00000000ee700000, 0x0000000100000000)
  eden space 336384K, 100% used [0x00000000d8380000,0x00000000ecc00000,0x00000000ecc00000)
  from space 12800K, 52% used [0x00000000ed900000,0x00000000edf81110,0x00000000ee580000)
  to   space 13312K, 0% used [0x00000000ecc00000,0x00000000ecc00000,0x00000000ed900000)
 ParOldGen       total 175104K, used 39286K [0x0000000088a00000, 0x0000000093500000, 0x00000000d8380000)
  object space 175104K, 22% used [0x0000000088a00000,0x000000008b05d880,0x0000000093500000)
 Metaspace       used 99951K, capacity 109862K, committed 110080K, reserved 1144832K
  class space    used 12948K, capacity 13992K, committed 14080K, reserved 1048576K
Event: 71.667 GC heap after
Heap after GC invocations=33 (full 4):
 PSYoungGen      total 349696K, used 6852K [0x00000000d8380000, 0x00000000ee700000, 0x0000000100000000)
  eden space 336384K, 0% used [0x00000000d8380000,0x00000000d8380000,0x00000000ecc00000)
  from space 13312K, 51% used [0x00000000ecc00000,0x00000000ed2b1320,0x00000000ed900000)
  to   space 12800K, 0% used [0x00000000ed900000,0x00000000ed900000,0x00000000ee580000)
 ParOldGen       total 175104K, used 39526K [0x0000000088a00000, 0x0000000093500000, 0x00000000d8380000)
  object space 175104K, 22% used [0x0000000088a00000,0x000000008b099880,0x0000000093500000)
 Metaspace       used 99951K, capacity 109862K, committed 110080K, reserved 1144832K
  class space    used 12948K, capacity 13992K, committed 14080K, reserved 1048576K
}
Event: 73.733 GC heap before
{Heap before GC invocations=34 (full 4):
 PSYoungGen      total 349696K, used 343236K [0x00000000d8380000, 0x00000000ee700000, 0x0000000100000000)
  eden space 336384K, 100% used [0x00000000d8380000,0x00000000ecc00000,0x00000000ecc00000)
  from space 13312K, 51% used [0x00000000ecc00000,0x00000000ed2b1320,0x00000000ed900000)
  to   space 12800K, 0% used [0x00000000ed900000,0x00000000ed900000,0x00000000ee580000)
 ParOldGen       total 175104K, used 39528K [0x0000000088a00000, 0x0000000093500000, 0x00000000d8380000)
  object space 175104K, 22% used [0x0000000088a00000,0x000000008b09a0d8,0x0000000093500000)
 Metaspace       used 100159K, capacity 110034K, committed 110336K, reserved 1144832K
  class space    used 12948K, capacity 13992K, committed 14080K, reserved 1048576K
Event: 73.753 GC heap after
Heap after GC invocations=34 (full 4):
 PSYoungGen      total 349184K, used 6756K [0x00000000d8380000, 0x00000000ee700000, 0x0000000100000000)
  eden space 336384K, 0% used [0x00000000d8380000,0x00000000d8380000,0x00000000ecc00000)
  from space 12800K, 52% used [0x00000000ed900000,0x00000000edf99048,0x00000000ee580000)
  to   space 13312K, 0% used [0x00000000ecc00000,0x00000000ecc00000,0x00000000ed900000)
 ParOldGen       total 175104K, used 39784K [0x0000000088a00000, 0x0000000093500000, 0x00000000d8380000)
  object space 175104K, 22% used [0x0000000088a00000,0x000000008b0da0d8,0x0000000093500000)
 Metaspace       used 100159K, capacity 110034K, committed 110336K, reserved 1144832K
  class space    used 12948K, capacity 13992K, committed 14080K, reserved 1048576K
}
Event: 76.054 GC heap before
{Heap before GC invocations=35 (full 4):
 PSYoungGen      total 349184K, used 343140K [0x00000000d8380000, 0x00000000ee700000, 0x0000000100000000)
  eden space 336384K, 100% used [0x00000000d8380000,0x00000000ecc00000,0x00000000ecc00000)
  from space 12800K, 52% used [0x00000000ed900000,0x00000000edf99048,0x00000000ee580000)
  to   space 13312K, 0% used [0x00000000ecc00000,0x00000000ecc00000,0x00000000ed900000)
 ParOldGen       total 175104K, used 39784K [0x0000000088a00000, 0x0000000093500000, 0x00000000d8380000)
  object space 175104K, 22% used [0x0000000088a00000,0x000000008b0da0d8,0x0000000093500000)
 Metaspace       used 100279K, capacity 110106K, committed 110336K, reserved 1144832K
  class space    used 12948K, capacity 13992K, committed 14080K, reserved 1048576K
Event: 76.072 GC heap after
Heap after GC invocations=35 (full 4):
 PSYoungGen      total 349696K, used 7094K [0x00000000d8380000, 0x00000000ee700000, 0x0000000100000000)
  eden space 336384K, 0% used [0x00000000d8380000,0x00000000d8380000,0x00000000ecc00000)
  from space 13312K, 53% used [0x00000000ecc00000,0x00000000ed2ed960,0x00000000ed900000)
  to   space 12800K, 0% used [0x00000000ed900000,0x00000000ed900000,0x00000000ee580000)
 ParOldGen       total 175104K, used 40048K [0x0000000088a00000, 0x0000000093500000, 0x00000000d8380000)
  object space 175104K, 22% used [0x0000000088a00000,0x000000008b11c0d8,0x0000000093500000)
 Metaspace       used 100279K, capacity 110106K, committed 110336K, reserved 1144832K
  class space    used 12948K, capacity 13992K, committed 14080K, reserved 1048576K
}
Event: 78.826 GC heap before
{Heap before GC invocations=36 (full 4):
 PSYoungGen      total 349696K, used 340750K [0x00000000d8380000, 0x00000000ee700000, 0x0000000100000000)
  eden space 336384K, 99% used [0x00000000d8380000,0x00000000ec955ef8,0x00000000ecc00000)
  from space 13312K, 53% used [0x00000000ecc00000,0x00000000ed2ed960,0x00000000ed900000)
  to   space 12800K, 0% used [0x00000000ed900000,0x00000000ed900000,0x00000000ee580000)
 ParOldGen       total 175104K, used 40048K [0x0000000088a00000, 0x0000000093500000, 0x00000000d8380000)
  object space 175104K, 22% used [0x0000000088a00000,0x000000008b11c0d8,0x0000000093500000)
 Metaspace       used 100352K, capacity 110242K, committed 110336K, reserved 1144832K
  class space    used 12948K, capacity 13992K, committed 14080K, reserved 1048576K
Event: 78.854 GC heap after
Heap after GC invocations=36 (full 4):
 PSYoungGen      total 349184K, used 6916K [0x00000000d8380000, 0x00000000ee700000, 0x0000000100000000)
  eden space 336384K, 0% used [0x00000000d8380000,0x00000000d8380000,0x00000000ecc00000)
  from space 12800K, 54% used [0x00000000ed900000,0x00000000edfc1110,0x00000000ee580000)
  to   space 13312K, 0% used [0x00000000ecc00000,0x00000000ecc00000,0x00000000ed900000)
 ParOldGen       total 175104K, used 40320K [0x0000000088a00000, 0x0000000093500000, 0x00000000d8380000)
  object space 175104K, 23% used [0x0000000088a00000,0x000000008b1600d8,0x0000000093500000)
 Metaspace       used 100352K, capacity 110242K, committed 110336K, reserved 1144832K
  class space    used 12948K, capacity 13992K, committed 14080K, reserved 1048576K
}

