# JRE version: Java(TM) SE Runtime Environment (8.0_291-b10) (build 1.8.0_291-b10)
# Java VM: Java HotSpot(TM) 64-Bit Server VM (25.291-b10 mixed mode windows-amd64 compressed oops)
Heap:
 PSYoungGen      total 366592K, used 48645K [0x00000000d8380000, 0x00000000ef600000, 0x0000000100000000)
  eden space 355328K, 11% used [0x00000000d8380000,0x00000000dabfbb10,0x00000000ede80000)
  from space 11264K, 63% used [0x00000000ede80000,0x00000000ee585950,0x00000000ee980000)
  to   space 11776K, 0% used [0x00000000ee980000,0x00000000ee980000,0x00000000ef500000)
 ParOldGen       total 179200K, used 40596K [0x0000000088a00000, 0x0000000093900000, 0x00000000d8380000)
  object space 179200K, 22% used [0x0000000088a00000,0x000000008b1a51e8,0x0000000093900000)
 Metaspace       used 100464K, capacity 110312K, committed 110592K, reserved 1146880K
  class space    used 12952K, capacity 13970K, committed 14080K, reserved 1048576K
GC Heap History (10 events):
Event: 75.352 GC heap before
{Heap before GC invocations=33 (full 4):
 PSYoungGen      total 339456K, used 332804K [0x00000000d8380000, 0x00000000edf00000, 0x0000000100000000)
  eden space 326144K, 100% used [0x00000000d8380000,0x00000000ec200000,0x00000000ec200000)
  from space 13312K, 50% used [0x00000000ecf00000,0x00000000ed581048,0x00000000edc00000)
  to   space 13312K, 0% used [0x00000000ec200000,0x00000000ec200000,0x00000000ecf00000)
 ParOldGen       total 179200K, used 39348K [0x0000000088a00000, 0x0000000093900000, 0x00000000d8380000)
  object space 179200K, 21% used [0x0000000088a00000,0x000000008b06d1c8,0x0000000093900000)
 Metaspace       used 99979K, capacity 109864K, committed 110080K, reserved 1144832K
  class space    used 12952K, capacity 13970K, committed 14080K, reserved 1048576K
Event: 75.369 GC heap after
Heap after GC invocations=33 (full 4):
 PSYoungGen      total 339456K, used 7248K [0x00000000d8380000, 0x00000000edf00000, 0x0000000100000000)
  eden space 326144K, 0% used [0x00000000d8380000,0x00000000d8380000,0x00000000ec200000)
  from space 13312K, 54% used [0x00000000ec200000,0x00000000ec914300,0x00000000ecf00000)
  to   space 13312K, 0% used [0x00000000ecf00000,0x00000000ecf00000,0x00000000edc00000)
 ParOldGen       total 179200K, used 39572K [0x0000000088a00000, 0x0000000093900000, 0x00000000d8380000)
  object space 179200K, 22% used [0x0000000088a00000,0x000000008b0a51c8,0x0000000093900000)
 Metaspace       used 99979K, capacity 109864K, committed 110080K, reserved 1144832K
  class space    used 12952K, capacity 13970K, committed 14080K, reserved 1048576K
}
Event: 77.477 GC heap before
{Heap before GC invocations=34 (full 4):
 PSYoungGen      total 339456K, used 333392K [0x00000000d8380000, 0x00000000edf00000, 0x0000000100000000)
  eden space 326144K, 100% used [0x00000000d8380000,0x00000000ec200000,0x00000000ec200000)
  from space 13312K, 54% used [0x00000000ec200000,0x00000000ec914300,0x00000000ecf00000)
  to   space 13312K, 0% used [0x00000000ecf00000,0x00000000ecf00000,0x00000000edc00000)
 ParOldGen       total 179200K, used 39572K [0x0000000088a00000, 0x0000000093900000, 0x00000000d8380000)
  object space 179200K, 22% used [0x0000000088a00000,0x000000008b0a51c8,0x0000000093900000)
 Metaspace       used 100187K, capacity 110036K, committed 110336K, reserved 1144832K
  class space    used 12952K, capacity 13970K, committed 14080K, reserved 1048576K
Event: 77.494 GC heap after
Heap after GC invocations=34 (full 4):
 PSYoungGen      total 340992K, used 6930K [0x00000000d8380000, 0x00000000ef380000, 0x0000000100000000)
  eden space 327680K, 0% used [0x00000000d8380000,0x00000000d8380000,0x00000000ec380000)
  from space 13312K, 52% used [0x00000000ecf00000,0x00000000ed5c4a18,0x00000000edc00000)
  to   space 11776K, 0% used [0x00000000ec380000,0x00000000ec380000,0x00000000ecf00000)
 ParOldGen       total 179200K, used 39820K [0x0000000088a00000, 0x0000000093900000, 0x00000000d8380000)
  object space 179200K, 22% used [0x0000000088a00000,0x000000008b0e31c8,0x0000000093900000)
 Metaspace       used 100187K, capacity 110036K, committed 110336K, reserved 1144832K
  class space    used 12952K, capacity 13970K, committed 14080K, reserved 1048576K
}
Event: 79.515 GC heap before
{Heap before GC invocations=35 (full 4):
 PSYoungGen      total 340992K, used 334610K [0x00000000d8380000, 0x00000000ef380000, 0x0000000100000000)
  eden space 327680K, 100% used [0x00000000d8380000,0x00000000ec380000,0x00000000ec380000)
  from space 13312K, 52% used [0x00000000ecf00000,0x00000000ed5c4a18,0x00000000edc00000)
  to   space 11776K, 0% used [0x00000000ec380000,0x00000000ec380000,0x00000000ecf00000)
 ParOldGen       total 179200K, used 39820K [0x0000000088a00000, 0x0000000093900000, 0x00000000d8380000)
  object space 179200K, 22% used [0x0000000088a00000,0x000000008b0e31c8,0x0000000093900000)
 Metaspace       used 100190K, capacity 110036K, committed 110336K, reserved 1144832K
  class space    used 12952K, capacity 13970K, committed 14080K, reserved 1048576K
Event: 79.536 GC heap after
Heap after GC invocations=35 (full 4):
 PSYoungGen      total 339456K, used 6980K [0x00000000d8380000, 0x00000000ef500000, 0x0000000100000000)
  eden space 327680K, 0% used [0x00000000d8380000,0x00000000d8380000,0x00000000ec380000)
  from space 11776K, 59% used [0x00000000ec380000,0x00000000eca51058,0x00000000ecf00000)
  to   space 11776K, 0% used [0x00000000ee980000,0x00000000ee980000,0x00000000ef500000)
 ParOldGen       total 179200K, used 40084K [0x0000000088a00000, 0x0000000093900000, 0x00000000d8380000)
  object space 179200K, 22% used [0x0000000088a00000,0x000000008b1251e8,0x0000000093900000)
 Metaspace       used 100190K, capacity 110036K, committed 110336K, reserved 1144832K
  class space    used 12952K, capacity 13970K, committed 14080K, reserved 1048576K
}
Event: 81.454 GC heap before
{Heap before GC invocations=36 (full 4):
 PSYoungGen      total 339456K, used 332876K [0x00000000d8380000, 0x00000000ef500000, 0x0000000100000000)
  eden space 327680K, 99% used [0x00000000d8380000,0x00000000ec1c2118,0x00000000ec380000)
  from space 11776K, 59% used [0x00000000ec380000,0x00000000eca51058,0x00000000ecf00000)
  to   space 11776K, 0% used [0x00000000ee980000,0x00000000ee980000,0x00000000ef500000)
 ParOldGen       total 179200K, used 40084K [0x0000000088a00000, 0x0000000093900000, 0x00000000d8380000)
  object space 179200K, 22% used [0x0000000088a00000,0x000000008b1251e8,0x0000000093900000)
 Metaspace       used 100382K, capacity 110180K, committed 110336K, reserved 1144832K
  class space    used 12952K, capacity 13970K, committed 14080K, reserved 1048576K
Event: 81.480 GC heap after
Heap after GC invocations=36 (full 4):
 PSYoungGen      total 367104K, used 6852K [0x00000000d8380000, 0x00000000ef600000, 0x0000000100000000)
  eden space 355328K, 0% used [0x00000000d8380000,0x00000000d8380000,0x00000000ede80000)
  from space 11776K, 58% used [0x00000000ee980000,0x00000000ef031110,0x00000000ef500000)
  to   space 11264K, 0% used [0x00000000ede80000,0x00000000ede80000,0x00000000ee980000)
 ParOldGen       total 179200K, used 40356K [0x0000000088a00000, 0x0000000093900000, 0x00000000d8380000)
  object space 179200K, 22% used [0x0000000088a00000,0x000000008b1691e8,0x0000000093900000)
 Metaspace       used 100382K, capacity 110180K, committed 110336K, reserved 1144832K
  class space    used 12952K, capacity 13970K, committed 14080K, reserved 1048576K
}
Event: 84.101 GC heap before
{Heap before GC invocations=37 (full 4):
 PSYoungGen      total 367104K, used 362180K [0x00000000d8380000, 0x00000000ef600000, 0x0000000100000000)
  eden space 355328K, 100% used [0x00000000d8380000,0x00000000ede80000,0x00000000ede80000)
  from space 11776K, 58% used [0x00000000ee980000,0x00000000ef031110,0x00000000ef500000)
  to   space 11264K, 0% used [0x00000000ede80000,0x00000000ede80000,0x00000000ee980000)
 ParOldGen       total 179200K, used 40356K [0x0000000088a00000, 0x0000000093900000, 0x00000000d8380000)
  object space 179200K, 22% used [0x0000000088a00000,0x000000008b1691e8,0x0000000093900000)
 Metaspace       used 100438K, capacity 110312K, committed 110592K, reserved 1146880K
  class space    used 12952K, capacity 13970K, committed 14080K, reserved 1048576K
Event: 84.125 GC heap after
Heap after GC invocations=37 (full 4):
 PSYoungGen      total 366592K, used 7190K [0x00000000d8380000, 0x00000000ef600000, 0x0000000100000000)
  eden space 355328K, 0% used [0x00000000d8380000,0x00000000d8380000,0x00000000ede80000)
  from space 11264K, 63% used [0x00000000ede80000,0x00000000ee585950,0x00000000ee980000)
  to   space 11776K, 0% used [0x00000000ee980000,0x00000000ee980000,0x00000000ef500000)
 ParOldGen       total 179200K, used 40596K [0x0000000088a00000, 0x0000000093900000, 0x00000000d8380000)
  object space 179200K, 22% used [0x0000000088a00000,0x000000008b1a51e8,0x0000000093900000)
 Metaspace       used 100438K, capacity 110312K, committed 110592K, reserved 1146880K
  class space    used 12952K, capacity 13970K, committed 14080K, reserved 1048576K
}

