# JRE version: Java(TM) SE Runtime Environment (8.0_291-b10) (build 1.8.0_291-b10)
# Java VM: Java HotSpot(TM) 64-Bit Server VM (25.291-b10 mixed mode windows-amd64 compressed oops)
Heap:
 PSYoungGen      total 267264K, used 13941K [0x00000000d8380000, 0x00000000e9800000, 0x0000000100000000)
  eden space 254976K, 4% used [0x00000000d8380000,0x00000000d8eb56c8,0x00000000e7c80000)
  from space 12288K, 20% used [0x00000000e7c80000,0x00000000e7ee8020,0x00000000e8880000)
  to   space 12288K, 0% used [0x00000000e8880000,0x00000000e8880000,0x00000000e9480000)
 ParOldGen       total 97792K, used 21262K [0x0000000088a00000, 0x000000008e980000, 0x00000000d8380000)
  object space 97792K, 21% used [0x0000000088a00000,0x0000000089ec3820,0x000000008e980000)
 Metaspace       used 66443K, capacity 73179K, committed 73472K, reserved 1114112K
  class space    used 8864K, capacity 9640K, committed 9728K, reserved 1048576K
GC Heap History (10 events):
Event: 25.464 GC heap before
{Heap before GC invocations=18 (full 3):
 PSYoungGen      total 179712K, used 172390K [0x00000000d8380000, 0x00000000e4380000, 0x0000000100000000)
  eden space 166912K, 100% used [0x00000000d8380000,0x00000000e2680000,0x00000000e2680000)
  from space 12800K, 42% used [0x00000000e3280000,0x00000000e37d98c8,0x00000000e3f00000)
  to   space 12288K, 0% used [0x00000000e2680000,0x00000000e2680000,0x00000000e3280000)
 ParOldGen       total 97792K, used 16298K [0x0000000088a00000, 0x000000008e980000, 0x00000000d8380000)
  object space 97792K, 16% used [0x0000000088a00000,0x00000000899ea870,0x000000008e980000)
 Metaspace       used 65469K, capacity 72193K, committed 72448K, reserved 1112064K
  class space    used 8859K, capacity 9637K, committed 9728K, reserved 1048576K
Event: 25.482 GC heap after
Heap after GC invocations=18 (full 3):
 PSYoungGen      total 179200K, used 2047K [0x00000000d8380000, 0x00000000e7000000, 0x0000000100000000)
  eden space 166912K, 0% used [0x00000000d8380000,0x00000000d8380000,0x00000000e2680000)
  from space 12288K, 16% used [0x00000000e2680000,0x00000000e287fe38,0x00000000e3280000)
  to   space 12288K, 0% used [0x00000000e6400000,0x00000000e6400000,0x00000000e7000000)
 ParOldGen       total 97792K, used 20426K [0x0000000088a00000, 0x000000008e980000, 0x00000000d8380000)
  object space 97792K, 20% used [0x0000000088a00000,0x0000000089df2810,0x000000008e980000)
 Metaspace       used 65469K, capacity 72193K, committed 72448K, reserved 1112064K
  class space    used 8859K, capacity 9637K, committed 9728K, reserved 1048576K
}
Event: 26.631 GC heap before
{Heap before GC invocations=19 (full 3):
 PSYoungGen      total 179200K, used 168959K [0x00000000d8380000, 0x00000000e7000000, 0x0000000100000000)
  eden space 166912K, 100% used [0x00000000d8380000,0x00000000e2680000,0x00000000e2680000)
  from space 12288K, 16% used [0x00000000e2680000,0x00000000e287fe38,0x00000000e3280000)
  to   space 12288K, 0% used [0x00000000e6400000,0x00000000e6400000,0x00000000e7000000)
 ParOldGen       total 97792K, used 20426K [0x0000000088a00000, 0x000000008e980000, 0x00000000d8380000)
  object space 97792K, 20% used [0x0000000088a00000,0x0000000089df2810,0x000000008e980000)
 Metaspace       used 65608K, capacity 72345K, committed 72448K, reserved 1112064K
  class space    used 8861K, capacity 9639K, committed 9728K, reserved 1048576K
Event: 26.646 GC heap after
Heap after GC invocations=19 (full 3):
 PSYoungGen      total 225792K, used 1952K [0x00000000d8380000, 0x00000000e6e00000, 0x0000000100000000)
  eden space 215552K, 0% used [0x00000000d8380000,0x00000000d8380000,0x00000000e5600000)
  from space 10240K, 19% used [0x00000000e6400000,0x00000000e65e80c8,0x00000000e6e00000)
  to   space 12288K, 0% used [0x00000000e5600000,0x00000000e5600000,0x00000000e6200000)
 ParOldGen       total 97792K, used 20698K [0x0000000088a00000, 0x000000008e980000, 0x00000000d8380000)
  object space 97792K, 21% used [0x0000000088a00000,0x0000000089e36810,0x000000008e980000)
 Metaspace       used 65608K, capacity 72345K, committed 72448K, reserved 1112064K
  class space    used 8861K, capacity 9639K, committed 9728K, reserved 1048576K
}
Event: 28.320 GC heap before
{Heap before GC invocations=20 (full 3):
 PSYoungGen      total 225792K, used 217504K [0x00000000d8380000, 0x00000000e6e00000, 0x0000000100000000)
  eden space 215552K, 100% used [0x00000000d8380000,0x00000000e5600000,0x00000000e5600000)
  from space 10240K, 19% used [0x00000000e6400000,0x00000000e65e80c8,0x00000000e6e00000)
  to   space 12288K, 0% used [0x00000000e5600000,0x00000000e5600000,0x00000000e6200000)
 ParOldGen       total 97792K, used 20698K [0x0000000088a00000, 0x000000008e980000, 0x00000000d8380000)
  object space 97792K, 21% used [0x0000000088a00000,0x0000000089e36810,0x000000008e980000)
 Metaspace       used 65942K, capacity 72709K, committed 72960K, reserved 1112064K
  class space    used 8861K, capacity 9639K, committed 9728K, reserved 1048576K
Event: 28.338 GC heap after
Heap after GC invocations=20 (full 3):
 PSYoungGen      total 227840K, used 2336K [0x00000000d8380000, 0x00000000e9480000, 0x0000000100000000)
  eden space 215552K, 0% used [0x00000000d8380000,0x00000000d8380000,0x00000000e5600000)
  from space 12288K, 19% used [0x00000000e5600000,0x00000000e5848020,0x00000000e6200000)
  to   space 12288K, 0% used [0x00000000e8880000,0x00000000e8880000,0x00000000e9480000)
 ParOldGen       total 97792K, used 21022K [0x0000000088a00000, 0x000000008e980000, 0x00000000d8380000)
  object space 97792K, 21% used [0x0000000088a00000,0x0000000089e87820,0x000000008e980000)
 Metaspace       used 65942K, capacity 72709K, committed 72960K, reserved 1112064K
  class space    used 8861K, capacity 9639K, committed 9728K, reserved 1048576K
}
Event: 29.902 GC heap before
{Heap before GC invocations=21 (full 3):
 PSYoungGen      total 227840K, used 217888K [0x00000000d8380000, 0x00000000e9480000, 0x0000000100000000)
  eden space 215552K, 100% used [0x00000000d8380000,0x00000000e5600000,0x00000000e5600000)
  from space 12288K, 19% used [0x00000000e5600000,0x00000000e5848020,0x00000000e6200000)
  to   space 12288K, 0% used [0x00000000e8880000,0x00000000e8880000,0x00000000e9480000)
 ParOldGen       total 97792K, used 21022K [0x0000000088a00000, 0x000000008e980000, 0x00000000d8380000)
  object space 97792K, 21% used [0x0000000088a00000,0x0000000089e87820,0x000000008e980000)
 Metaspace       used 66074K, capacity 72837K, committed 72960K, reserved 1112064K
  class space    used 8862K, capacity 9639K, committed 9728K, reserved 1048576K
Event: 29.948 GC heap after
Heap after GC invocations=21 (full 3):
 PSYoungGen      total 267264K, used 2800K [0x00000000d8380000, 0x00000000e9800000, 0x0000000100000000)
  eden space 254976K, 0% used [0x00000000d8380000,0x00000000d8380000,0x00000000e7c80000)
  from space 12288K, 22% used [0x00000000e8880000,0x00000000e8b3c0d8,0x00000000e9480000)
  to   space 12288K, 0% used [0x00000000e7c80000,0x00000000e7c80000,0x00000000e8880000)
 ParOldGen       total 97792K, used 21022K [0x0000000088a00000, 0x000000008e980000, 0x00000000d8380000)
  object space 97792K, 21% used [0x0000000088a00000,0x0000000089e87820,0x000000008e980000)
 Metaspace       used 66074K, capacity 72837K, committed 72960K, reserved 1112064K
  class space    used 8862K, capacity 9639K, committed 9728K, reserved 1048576K
}
Event: 34.442 GC heap before
{Heap before GC invocations=22 (full 3):
 PSYoungGen      total 267264K, used 257776K [0x00000000d8380000, 0x00000000e9800000, 0x0000000100000000)
  eden space 254976K, 100% used [0x00000000d8380000,0x00000000e7c80000,0x00000000e7c80000)
  from space 12288K, 22% used [0x00000000e8880000,0x00000000e8b3c0d8,0x00000000e9480000)
  to   space 12288K, 0% used [0x00000000e7c80000,0x00000000e7c80000,0x00000000e8880000)
 ParOldGen       total 97792K, used 21022K [0x0000000088a00000, 0x000000008e980000, 0x00000000d8380000)
  object space 97792K, 21% used [0x0000000088a00000,0x0000000089e87820,0x000000008e980000)
 Metaspace       used 66427K, capacity 73115K, committed 73216K, reserved 1112064K
  class space    used 8864K, capacity 9640K, committed 9728K, reserved 1048576K
Event: 34.465 GC heap after
Heap after GC invocations=22 (full 3):
 PSYoungGen      total 267264K, used 2464K [0x00000000d8380000, 0x00000000e9800000, 0x0000000100000000)
  eden space 254976K, 0% used [0x00000000d8380000,0x00000000d8380000,0x00000000e7c80000)
  from space 12288K, 20% used [0x00000000e7c80000,0x00000000e7ee8020,0x00000000e8880000)
  to   space 12288K, 0% used [0x00000000e8880000,0x00000000e8880000,0x00000000e9480000)
 ParOldGen       total 97792K, used 21262K [0x0000000088a00000, 0x000000008e980000, 0x00000000d8380000)
  object space 97792K, 21% used [0x0000000088a00000,0x0000000089ec3820,0x000000008e980000)
 Metaspace       used 66427K, capacity 73115K, committed 73216K, reserved 1112064K
  class space    used 8864K, capacity 9640K, committed 9728K, reserved 1048576K
}

