# JRE version: Java(TM) SE Runtime Environment (8.0_291-b10) (build 1.8.0_291-b10)
# Java VM: Java HotSpot(TM) 64-Bit Server VM (25.291-b10 mixed mode windows-amd64 compressed oops)
Heap:
 PSYoungGen      total 99840K, used 11329K [0x00000000d8380000, 0x00000000e0480000, 0x0000000100000000)
  eden space 88576K, 12% used [0x00000000d8380000,0x00000000d8e906c0,0x00000000dda00000)
  from space 11264K, 0% used [0x00000000dda00000,0x00000000dda00000,0x00000000de500000)
  to   space 10752K, 0% used [0x00000000dfa00000,0x00000000dfa00000,0x00000000e0480000)
 ParOldGen       total 87552K, used 15157K [0x0000000088a00000, 0x000000008df80000, 0x00000000d8380000)
  object space 87552K, 17% used [0x0000000088a00000,0x00000000898cd6a0,0x000000008df80000)
 Metaspace       used 61494K, capacity 67454K, committed 67584K, reserved 1107968K
  class space    used 8451K, capacity 9090K, committed 9216K, reserved 1048576K
GC Heap History (10 events):
Event: 11.045 GC heap before
{Heap before GC invocations=8 (full 2):
 PSYoungGen      total 75776K, used 4853K [0x00000000d8380000, 0x00000000deb00000, 0x0000000100000000)
  eden space 67584K, 0% used [0x00000000d8380000,0x00000000d8380000,0x00000000dc580000)
  from space 8192K, 59% used [0x00000000dcd80000,0x00000000dd23d4c0,0x00000000dd580000)
  to   space 8192K, 0% used [0x00000000dc580000,0x00000000dc580000,0x00000000dcd80000)
 ParOldGen       total 54784K, used 7098K [0x0000000088a00000, 0x000000008bf80000, 0x00000000d8380000)
  object space 54784K, 12% used [0x0000000088a00000,0x00000000890ee958,0x000000008bf80000)
 Metaspace       used 33520K, capacity 35290K, committed 35456K, reserved 1079296K
  class space    used 4359K, capacity 4628K, committed 4736K, reserved 1048576K
Event: 11.175 GC heap after
Heap after GC invocations=8 (full 2):
 PSYoungGen      total 75776K, used 0K [0x00000000d8380000, 0x00000000deb00000, 0x0000000100000000)
  eden space 67584K, 0% used [0x00000000d8380000,0x00000000d8380000,0x00000000dc580000)
  from space 8192K, 0% used [0x00000000dcd80000,0x00000000dcd80000,0x00000000dd580000)
  to   space 8192K, 0% used [0x00000000dc580000,0x00000000dc580000,0x00000000dcd80000)
 ParOldGen       total 87552K, used 9941K [0x0000000088a00000, 0x000000008df80000, 0x00000000d8380000)
  object space 87552K, 11% used [0x0000000088a00000,0x00000000893b55a0,0x000000008df80000)
 Metaspace       used 33520K, capacity 35290K, committed 35456K, reserved 1079296K
  class space    used 4359K, capacity 4628K, committed 4736K, reserved 1048576K
}
Event: 15.190 GC heap before
{Heap before GC invocations=9 (full 2):
 PSYoungGen      total 75776K, used 67584K [0x00000000d8380000, 0x00000000deb00000, 0x0000000100000000)
  eden space 67584K, 100% used [0x00000000d8380000,0x00000000dc580000,0x00000000dc580000)
  from space 8192K, 0% used [0x00000000dcd80000,0x00000000dcd80000,0x00000000dd580000)
  to   space 8192K, 0% used [0x00000000dc580000,0x00000000dc580000,0x00000000dcd80000)
 ParOldGen       total 87552K, used 9941K [0x0000000088a00000, 0x000000008df80000, 0x00000000d8380000)
  object space 87552K, 11% used [0x0000000088a00000,0x00000000893b55a0,0x000000008df80000)
 Metaspace       used 43868K, capacity 46728K, committed 46848K, reserved 1089536K
  class space    used 5752K, capacity 6115K, committed 6144K, reserved 1048576K
Event: 15.212 GC heap after
Heap after GC invocations=9 (full 2):
 PSYoungGen      total 75776K, used 8180K [0x00000000d8380000, 0x00000000def00000, 0x0000000100000000)
  eden space 67584K, 0% used [0x00000000d8380000,0x00000000d8380000,0x00000000dc580000)
  from space 8192K, 99% used [0x00000000dc580000,0x00000000dcd7d378,0x00000000dcd80000)
  to   space 10240K, 0% used [0x00000000de500000,0x00000000de500000,0x00000000def00000)
 ParOldGen       total 87552K, used 11866K [0x0000000088a00000, 0x000000008df80000, 0x00000000d8380000)
  object space 87552K, 13% used [0x0000000088a00000,0x0000000089596a90,0x000000008df80000)
 Metaspace       used 43868K, capacity 46728K, committed 46848K, reserved 1089536K
  class space    used 5752K, capacity 6115K, committed 6144K, reserved 1048576K
}
Event: 19.399 GC heap before
{Heap before GC invocations=10 (full 2):
 PSYoungGen      total 75776K, used 75764K [0x00000000d8380000, 0x00000000def00000, 0x0000000100000000)
  eden space 67584K, 100% used [0x00000000d8380000,0x00000000dc580000,0x00000000dc580000)
  from space 8192K, 99% used [0x00000000dc580000,0x00000000dcd7d378,0x00000000dcd80000)
  to   space 10240K, 0% used [0x00000000de500000,0x00000000de500000,0x00000000def00000)
 ParOldGen       total 87552K, used 11866K [0x0000000088a00000, 0x000000008df80000, 0x00000000d8380000)
  object space 87552K, 13% used [0x0000000088a00000,0x0000000089596a90,0x000000008df80000)
 Metaspace       used 52245K, capacity 57036K, committed 57216K, reserved 1099776K
  class space    used 7161K, capacity 7719K, committed 7808K, reserved 1048576K
Event: 19.440 GC heap after
Heap after GC invocations=10 (full 2):
 PSYoungGen      total 98816K, used 9909K [0x00000000d8380000, 0x00000000df180000, 0x0000000100000000)
  eden space 88576K, 0% used [0x00000000d8380000,0x00000000d8380000,0x00000000dda00000)
  from space 10240K, 96% used [0x00000000de500000,0x00000000deead770,0x00000000def00000)
  to   space 11264K, 0% used [0x00000000dda00000,0x00000000dda00000,0x00000000de500000)
 ParOldGen       total 87552K, used 11874K [0x0000000088a00000, 0x000000008df80000, 0x00000000d8380000)
  object space 87552K, 13% used [0x0000000088a00000,0x0000000089598a90,0x000000008df80000)
 Metaspace       used 52245K, capacity 57036K, committed 57216K, reserved 1099776K
  class space    used 7161K, capacity 7719K, committed 7808K, reserved 1048576K
}
Event: 20.432 GC heap before
{Heap before GC invocations=11 (full 2):
 PSYoungGen      total 98816K, used 31715K [0x00000000d8380000, 0x00000000df180000, 0x0000000100000000)
  eden space 88576K, 24% used [0x00000000d8380000,0x00000000d98cb5f0,0x00000000dda00000)
  from space 10240K, 96% used [0x00000000de500000,0x00000000deead770,0x00000000def00000)
  to   space 11264K, 0% used [0x00000000dda00000,0x00000000dda00000,0x00000000de500000)
 ParOldGen       total 87552K, used 11874K [0x0000000088a00000, 0x000000008df80000, 0x00000000d8380000)
  object space 87552K, 13% used [0x0000000088a00000,0x0000000089598a90,0x000000008df80000)
 Metaspace       used 53622K, capacity 59026K, committed 59096K, reserved 1099776K
  class space    used 7405K, capacity 8002K, committed 8064K, reserved 1048576K
Event: 20.455 GC heap after
Heap after GC invocations=11 (full 2):
 PSYoungGen      total 99840K, used 7386K [0x00000000d8380000, 0x00000000e0480000, 0x0000000100000000)
  eden space 88576K, 0% used [0x00000000d8380000,0x00000000d8380000,0x00000000dda00000)
  from space 11264K, 65% used [0x00000000dda00000,0x00000000de136ad0,0x00000000de500000)
  to   space 10752K, 0% used [0x00000000dfa00000,0x00000000dfa00000,0x00000000e0480000)
 ParOldGen       total 87552K, used 11882K [0x0000000088a00000, 0x000000008df80000, 0x00000000d8380000)
  object space 87552K, 13% used [0x0000000088a00000,0x000000008959aa90,0x000000008df80000)
 Metaspace       used 53622K, capacity 59026K, committed 59096K, reserved 1099776K
  class space    used 7405K, capacity 8002K, committed 8064K, reserved 1048576K
}
Event: 20.455 GC heap before
{Heap before GC invocations=12 (full 3):
 PSYoungGen      total 99840K, used 7386K [0x00000000d8380000, 0x00000000e0480000, 0x0000000100000000)
  eden space 88576K, 0% used [0x00000000d8380000,0x00000000d8380000,0x00000000dda00000)
  from space 11264K, 65% used [0x00000000dda00000,0x00000000de136ad0,0x00000000de500000)
  to   space 10752K, 0% used [0x00000000dfa00000,0x00000000dfa00000,0x00000000e0480000)
 ParOldGen       total 87552K, used 11882K [0x0000000088a00000, 0x000000008df80000, 0x00000000d8380000)
  object space 87552K, 13% used [0x0000000088a00000,0x000000008959aa90,0x000000008df80000)
 Metaspace       used 53622K, capacity 59026K, committed 59096K, reserved 1099776K
  class space    used 7405K, capacity 8002K, committed 8064K, reserved 1048576K
Event: 20.628 GC heap after
Heap after GC invocations=12 (full 3):
 PSYoungGen      total 99840K, used 0K [0x00000000d8380000, 0x00000000e0480000, 0x0000000100000000)
  eden space 88576K, 0% used [0x00000000d8380000,0x00000000d8380000,0x00000000dda00000)
  from space 11264K, 0% used [0x00000000dda00000,0x00000000dda00000,0x00000000de500000)
  to   space 10752K, 0% used [0x00000000dfa00000,0x00000000dfa00000,0x00000000e0480000)
 ParOldGen       total 87552K, used 15157K [0x0000000088a00000, 0x000000008df80000, 0x00000000d8380000)
  object space 87552K, 17% used [0x0000000088a00000,0x00000000898cd6a0,0x000000008df80000)
 Metaspace       used 53622K, capacity 59026K, committed 59096K, reserved 1099776K
  class space    used 7405K, capacity 8002K, committed 8064K, reserved 1048576K
}

